Assembler report for template
Wed Nov 21 02:19:21 2018
Quartus Prime Version 16.1.0 Build 196 10/24/2016 SJ Lite Edition


---------------------
; Table of Contents ;
---------------------
  1. Legal Notice
  2. Assembler Summary
  3. Assembler Settings
  4. Assembler Generated Files
  5. Assembler Device Options: C:/Users/Elias/Desktop/ESD FH/SSL_repo/ssl_hardware/Project/template/output_files/template.sof
  6. Assembler Messages



----------------
; Legal Notice ;
----------------
Copyright (C) 2016  Intel Corporation. All rights reserved.
Your use of Intel Corporation's design tools, logic functions 
and other software and tools, and its AMPP partner logic 
functions, and any output files from any of the foregoing 
(including device programming or simulation files), and any 
associated documentation or information are expressly subject 
to the terms and conditions of the Intel Program License 
Subscription Agreement, the Intel Quartus Prime License Agreement,
the Intel MegaCore Function License Agreement, or other 
applicable license agreement, including, without limitation, 
that your use is for the sole purpose of programming logic 
devices manufactured by Intel and sold by Intel or its 
authorized distributors.  Please refer to the applicable 
agreement for further details.



+---------------------------------------------------------------+
; Assembler Summary                                             ;
+-----------------------+---------------------------------------+
; Assembler Status      ; Successful - Wed Nov 21 02:19:21 2018 ;
; Revision Name         ; template                              ;
; Top-level Entity Name ; template                              ;
; Family                ; Cyclone V                             ;
; Device                ; 5CSEMA5F31C6                          ;
+-----------------------+---------------------------------------+


+----------------------------------+
; Assembler Settings               ;
+--------+---------+---------------+
; Option ; Setting ; Default Value ;
+--------+---------+---------------+


+------------------------------------------------------------------------------------------------+
; Assembler Generated Files                                                                      ;
+------------------------------------------------------------------------------------------------+
; File Name                                                                                      ;
+------------------------------------------------------------------------------------------------+
; C:/Users/Elias/Desktop/ESD FH/SSL_repo/ssl_hardware/Project/template/output_files/template.sof ;
+------------------------------------------------------------------------------------------------+


+--------------------------------------------------------------------------------------------------------------------------+
; Assembler Device Options: C:/Users/Elias/Desktop/ESD FH/SSL_repo/ssl_hardware/Project/template/output_files/template.sof ;
+----------------+---------------------------------------------------------------------------------------------------------+
; Option         ; Setting                                                                                                 ;
+----------------+---------------------------------------------------------------------------------------------------------+
; Device         ; 5CSEMA5F31C6                                                                                            ;
; JTAG usercode  ; 0x00D9BAC8                                                                                              ;
; Checksum       ; 0x00D9BAC8                                                                                              ;
+----------------+---------------------------------------------------------------------------------------------------------+


+--------------------+
; Assembler Messages ;
+--------------------+
Info: *******************************************************************
Info: Running Quartus Prime Assembler
    Info: Version 16.1.0 Build 196 10/24/2016 SJ Lite Edition
    Info: Processing started: Wed Nov 21 02:19:04 2018
Info: Command: quartus_asm --read_settings_files=off --write_settings_files=off template -c template
Info (115030): Assembler is generating device programming files
Info (11878): Hard Processor Subsystem configuration has not changed and a Preloader software update is not required
Info: Quartus Prime Assembler was successful. 0 errors, 0 warnings
    Info: Peak virtual memory: 4886 megabytes
    Info: Processing ended: Wed Nov 21 02:19:21 2018
    Info: Elapsed time: 00:00:17
    Info: Total CPU time (on all processors): 00:00:16


